<?xml version="1.0" encoding="UTF-8" ?>
<testsuite tests="5" failures="0" name="Stepdefs.TestRunner" time="63.423" errors="0" skipped="0">
  <properties>
[...]
</properties>
  <testcase classname="Flight_Booking Feature" name="Flight booking scenario between banglore to chennai" time="27.434"/>
  <testcase classname="Flight_Booking Feature" name="To check My booking scenario" time="9.209"/>
  <testcase classname="Login Feature" name="Login Success" time="8.245"/>
  <testcase classname="Login Feature" name="Login Failure Scenario using test data as parameter" time="5.288"/>
  <testcase classname="Sign_Up Feature" name="Sign_up Success" time="13.247"/>
</testsuite>