<?xml version="1.0" encoding="UTF-8" ?>
<testsuite tests="5" failures="0" name="Stepdefs.TestRunner" time="56.849" errors="2" skipped="0">
  <properties>
[...]
</properties>
  <testcase classname="Flight_Booking Feature" name="Flight booking scenario between banglore to chennai" time="19.768"/>
  <testcase classname="Flight_Booking Feature" name="To check My booking scenario" time="8.278"/>
  <testcase classname="Login Feature" name="Login Success" time="8.136"/>
  <testcase classname="Login Feature" name="Login Failure Scenario using test data as parameter" time="8.309">
    <error message="invalid selector: The result of the xpath expression &quot;//text()[normalize-space(.)=&apos;Login failed&apos;]&quot; is: [object Text]. It should be an element.
  (Session info: chrome=139.0.7258.157)
For documentation on this error, please visit: https://www.selenium.dev/documentation/webdriver/troubleshooting/errors#invalid-selector-exception
Build info: version: &apos;4.21.0&apos;, revision: &apos;79ed462ef4&apos;
System info: os.name: &apos;Windows 10&apos;, os.arch: &apos;amd64&apos;, os.version: &apos;10.0&apos;, java.version: &apos;11.0.26&apos;
Driver info: org.openqa.selenium.chrome.ChromeDriver
Command: [606155029c3d141164b180d5eef761ce, findElement {using=xpath, value=//text()[normalize-space(.)=&apos;Login failed&apos;]}]
Capabilities {acceptInsecureCerts: false, browserName: chrome, browserVersion: 139.0.7258.157, chrome: {chromedriverVersion: 139.0.7258.154 (9e0d6b2b47f..., userDataDir: C:\WINDOWS\SystemTemp\scope...}, fedcm:accounts: true, goog:chromeOptions: {debuggerAddress: localhost:64166}, networkConnectionEnabled: false, pageLoadStrategy: normal, platformName: windows, proxy: Proxy(), se:cdp: ws://localhost:64166/devtoo..., se:cdpVersion: 139.0.7258.157, setWindowRect: true, strictFileInteractability: false, timeouts: {implicit: 0, pageLoad: 300000, script: 30000}, unhandledPromptBehavior: dismiss and notify, webauthn:extension:credBlob: true, webauthn:extension:largeBlob: true, webauthn:extension:minPinLength: true, webauthn:extension:prf: true, webauthn:virtualAuthenticators: true}
Session ID: 606155029c3d141164b180d5eef761ce" type="org.openqa.selenium.InvalidSelectorException">org.openqa.selenium.InvalidSelectorException: invalid selector: The result of the xpath expression &quot;//text()[normalize-space(.)=&apos;Login failed&apos;]&quot; is: [object Text]. It should be an element.
  (Session info: chrome=139.0.7258.157)
For documentation on this error, please visit: https://www.selenium.dev/documentation/webdriver/troubleshooting/errors#invalid-selector-exception
Build info: version: &apos;4.21.0&apos;, revision: &apos;79ed462ef4&apos;
System info: os.name: &apos;Windows 10&apos;, os.arch: &apos;amd64&apos;, os.version: &apos;10.0&apos;, java.version: &apos;11.0.26&apos;
Driver info: org.openqa.selenium.chrome.ChromeDriver
Command: [606155029c3d141164b180d5eef761ce, findElement {using=xpath, value=//text()[normalize-space(.)=&apos;Login failed&apos;]}]
Capabilities {acceptInsecureCerts: false, browserName: chrome, browserVersion: 139.0.7258.157, chrome: {chromedriverVersion: 139.0.7258.154 (9e0d6b2b47f..., userDataDir: C:\WINDOWS\SystemTemp\scope...}, fedcm:accounts: true, goog:chromeOptions: {debuggerAddress: localhost:64166}, networkConnectionEnabled: false, pageLoadStrategy: normal, platformName: windows, proxy: Proxy(), se:cdp: ws://localhost:64166/devtoo..., se:cdpVersion: 139.0.7258.157, setWindowRect: true, strictFileInteractability: false, timeouts: {implicit: 0, pageLoad: 300000, script: 30000}, unhandledPromptBehavior: dismiss and notify, webauthn:extension:credBlob: true, webauthn:extension:largeBlob: true, webauthn:extension:minPinLength: true, webauthn:extension:prf: true, webauthn:virtualAuthenticators: true}
Session ID: 606155029c3d141164b180d5eef761ce
	at java.base/jdk.internal.reflect.NativeConstructorAccessorImpl.newInstance0(Native Method)
	at java.base/jdk.internal.reflect.NativeConstructorAccessorImpl.newInstance(NativeConstructorAccessorImpl.java:62)
	at java.base/jdk.internal.reflect.DelegatingConstructorAccessorImpl.newInstance(DelegatingConstructorAccessorImpl.java:45)
	at java.base/java.lang.reflect.Constructor.newInstance(Constructor.java:490)
	at org.openqa.selenium.remote.ErrorCodec.decode(ErrorCodec.java:167)
	at org.openqa.selenium.remote.codec.w3c.W3CHttpResponseCodec.decode(W3CHttpResponseCodec.java:138)
	at org.openqa.selenium.remote.codec.w3c.W3CHttpResponseCodec.decode(W3CHttpResponseCodec.java:50)
	at org.openqa.selenium.remote.HttpCommandExecutor.execute(HttpCommandExecutor.java:190)
	at org.openqa.selenium.remote.service.DriverCommandExecutor.invokeExecute(DriverCommandExecutor.java:216)
	at org.openqa.selenium.remote.service.DriverCommandExecutor.execute(DriverCommandExecutor.java:174)
	at org.openqa.selenium.remote.RemoteWebDriver.execute(RemoteWebDriver.java:518)
	at org.openqa.selenium.remote.ElementLocation$ElementFinder$2.findElement(ElementLocation.java:165)
	at org.openqa.selenium.remote.ElementLocation.findElement(ElementLocation.java:59)
	at org.openqa.selenium.remote.RemoteWebDriver.findElement(RemoteWebDriver.java:355)
	at org.openqa.selenium.remote.RemoteWebDriver.findElement(RemoteWebDriver.java:349)
	at Stepdefs.Login_Stepdefs.i_should_be_able_to_see_the_error_message(Login_Stepdefs.java:65)
	at ✽.I should be able to see the error message &quot;Login failed&quot;(file:///C:/Users/pravin/eclipse-workspace/FlyAway_Cucumber/src/test/java/Features/Flyaway_Login.feature:22)
</error>
    <system-out>
@Login @sanity
Scenario: Login Failure Scenario using test data as parameter   # src/test/java/Features/Flyaway_Login.feature:18
  Given I have launched the flyaway application                 # Stepdefs.Login_Stepdefs.i_have_launched_the_flyaway_application()
  When I click on the Login Link                                # Stepdefs.Login_Stepdefs.i_click_on_the_Login_Link()
  And I enter the Username &quot;npravin89@gmail.com&quot;                # Stepdefs.Login_Stepdefs.i_enter_the_Username(java.lang.String)
  And I enter the Password &quot;Abc@12345&quot;                          # Stepdefs.Login_Stepdefs.i_enter_the_Password(java.lang.String)
  And I click on the Login Button                               # Stepdefs.Login_Stepdefs.i_click_on_the_Login_Button()
  Then I should be able to see the error message &quot;Login failed&quot; # Stepdefs.Login_Stepdefs.i_should_be_able_to_see_the_error_message(java.lang.String)
      org.openqa.selenium.InvalidSelectorException: invalid selector: The result of the xpath expression &quot;//text()[normalize-space(.)=&apos;Login failed&apos;]&quot; is: [object Text]. It should be an element.
  (Session info: chrome=139.0.7258.157)
For documentation on this error, please visit: https://www.selenium.dev/documentation/webdriver/troubleshooting/errors#invalid-selector-exception
Build info: version: &apos;4.21.0&apos;, revision: &apos;79ed462ef4&apos;
System info: os.name: &apos;Windows 10&apos;, os.arch: &apos;amd64&apos;, os.version: &apos;10.0&apos;, java.version: &apos;11.0.26&apos;
Driver info: org.openqa.selenium.chrome.ChromeDriver
Command: [606155029c3d141164b180d5eef761ce, findElement {using=xpath, value=//text()[normalize-space(.)=&apos;Login failed&apos;]}]
Capabilities {acceptInsecureCerts: false, browserName: chrome, browserVersion: 139.0.7258.157, chrome: {chromedriverVersion: 139.0.7258.154 (9e0d6b2b47f..., userDataDir: C:\WINDOWS\SystemTemp\scope...}, fedcm:accounts: true, goog:chromeOptions: {debuggerAddress: localhost:64166}, networkConnectionEnabled: false, pageLoadStrategy: normal, platformName: windows, proxy: Proxy(), se:cdp: ws://localhost:64166/devtoo..., se:cdpVersion: 139.0.7258.157, setWindowRect: true, strictFileInteractability: false, timeouts: {implicit: 0, pageLoad: 300000, script: 30000}, unhandledPromptBehavior: dismiss and notify, webauthn:extension:credBlob: true, webauthn:extension:largeBlob: true, webauthn:extension:minPinLength: true, webauthn:extension:prf: true, webauthn:virtualAuthenticators: true}
Session ID: 606155029c3d141164b180d5eef761ce
	at java.base/jdk.internal.reflect.NativeConstructorAccessorImpl.newInstance0(Native Method)
	at java.base/jdk.internal.reflect.NativeConstructorAccessorImpl.newInstance(NativeConstructorAccessorImpl.java:62)
	at java.base/jdk.internal.reflect.DelegatingConstructorAccessorImpl.newInstance(DelegatingConstructorAccessorImpl.java:45)
	at java.base/java.lang.reflect.Constructor.newInstance(Constructor.java:490)
	at org.openqa.selenium.remote.ErrorCodec.decode(ErrorCodec.java:167)
	at org.openqa.selenium.remote.codec.w3c.W3CHttpResponseCodec.decode(W3CHttpResponseCodec.java:138)
	at org.openqa.selenium.remote.codec.w3c.W3CHttpResponseCodec.decode(W3CHttpResponseCodec.java:50)
	at org.openqa.selenium.remote.HttpCommandExecutor.execute(HttpCommandExecutor.java:190)
	at org.openqa.selenium.remote.service.DriverCommandExecutor.invokeExecute(DriverCommandExecutor.java:216)
	at org.openqa.selenium.remote.service.DriverCommandExecutor.execute(DriverCommandExecutor.java:174)
	at org.openqa.selenium.remote.RemoteWebDriver.execute(RemoteWebDriver.java:518)
	at org.openqa.selenium.remote.ElementLocation$ElementFinder$2.findElement(ElementLocation.java:165)
	at org.openqa.selenium.remote.ElementLocation.findElement(ElementLocation.java:59)
	at org.openqa.selenium.remote.RemoteWebDriver.findElement(RemoteWebDriver.java:355)
	at org.openqa.selenium.remote.RemoteWebDriver.findElement(RemoteWebDriver.java:349)
	at Stepdefs.Login_Stepdefs.i_should_be_able_to_see_the_error_message(Login_Stepdefs.java:65)
	at ?.I should be able to see the error message &quot;Login failed&quot;(file:///C:/Users/pravin/eclipse-workspace/FlyAway_Cucumber/src/test/java/Features/Flyaway_Login.feature:22)


    Embedding screenshot [image/png 10548 bytes]

</system-out>
    <system-err>Sep 07, 2025 2:38:45 PM org.openqa.selenium.devtools.CdpVersionFinder findNearestMatch
WARNING: Unable to find CDP implementation matching 139
Sep 07, 2025 2:38:45 PM org.openqa.selenium.chromium.ChromiumDriver lambda$new$5
WARNING: Unable to find version of CDP to use for 139.0.7258.157. You may need to include a dependency on a specific version of the CDP using something similar to `org.seleniumhq.selenium:selenium-devtools-v86:4.21.0` where the version (&quot;v86&quot;) matches the version of the chromium-based browser you&apos;re using and the version number of the artifact is the same as Selenium&apos;s.
</system-err>
  </testcase>
  <testcase classname="Sign_Up Feature" name="Sign_up Success" time="12.358">
    <error message="no such element: Unable to locate element: {&quot;method&quot;:&quot;xpath&quot;,&quot;selector&quot;:&quot;//a[contains(text(), &apos;Login to continue checking flights&apos;)]&quot;}
  (Session info: chrome=139.0.7258.157)
For documentation on this error, please visit: https://www.selenium.dev/documentation/webdriver/troubleshooting/errors#no-such-element-exception
Build info: version: &apos;4.21.0&apos;, revision: &apos;79ed462ef4&apos;
System info: os.name: &apos;Windows 10&apos;, os.arch: &apos;amd64&apos;, os.version: &apos;10.0&apos;, java.version: &apos;11.0.26&apos;
Driver info: org.openqa.selenium.chrome.ChromeDriver
Command: [e6170252cc47acf894783b14526ede71, findElement {using=xpath, value=//a[contains(text(), &apos;Login to continue checking flights&apos;)]}]
Capabilities {acceptInsecureCerts: false, browserName: chrome, browserVersion: 139.0.7258.157, chrome: {chromedriverVersion: 139.0.7258.154 (9e0d6b2b47f..., userDataDir: C:\WINDOWS\SystemTemp\scope...}, fedcm:accounts: true, goog:chromeOptions: {debuggerAddress: localhost:64196}, networkConnectionEnabled: false, pageLoadStrategy: normal, platformName: windows, proxy: Proxy(), se:cdp: ws://localhost:64196/devtoo..., se:cdpVersion: 139.0.7258.157, setWindowRect: true, strictFileInteractability: false, timeouts: {implicit: 0, pageLoad: 300000, script: 30000}, unhandledPromptBehavior: dismiss and notify, webauthn:extension:credBlob: true, webauthn:extension:largeBlob: true, webauthn:extension:minPinLength: true, webauthn:extension:prf: true, webauthn:virtualAuthenticators: true}
Session ID: e6170252cc47acf894783b14526ede71" type="org.openqa.selenium.NoSuchElementException">org.openqa.selenium.NoSuchElementException: no such element: Unable to locate element: {&quot;method&quot;:&quot;xpath&quot;,&quot;selector&quot;:&quot;//a[contains(text(), &apos;Login to continue checking flights&apos;)]&quot;}
  (Session info: chrome=139.0.7258.157)
For documentation on this error, please visit: https://www.selenium.dev/documentation/webdriver/troubleshooting/errors#no-such-element-exception
Build info: version: &apos;4.21.0&apos;, revision: &apos;79ed462ef4&apos;
System info: os.name: &apos;Windows 10&apos;, os.arch: &apos;amd64&apos;, os.version: &apos;10.0&apos;, java.version: &apos;11.0.26&apos;
Driver info: org.openqa.selenium.chrome.ChromeDriver
Command: [e6170252cc47acf894783b14526ede71, findElement {using=xpath, value=//a[contains(text(), &apos;Login to continue checking flights&apos;)]}]
Capabilities {acceptInsecureCerts: false, browserName: chrome, browserVersion: 139.0.7258.157, chrome: {chromedriverVersion: 139.0.7258.154 (9e0d6b2b47f..., userDataDir: C:\WINDOWS\SystemTemp\scope...}, fedcm:accounts: true, goog:chromeOptions: {debuggerAddress: localhost:64196}, networkConnectionEnabled: false, pageLoadStrategy: normal, platformName: windows, proxy: Proxy(), se:cdp: ws://localhost:64196/devtoo..., se:cdpVersion: 139.0.7258.157, setWindowRect: true, strictFileInteractability: false, timeouts: {implicit: 0, pageLoad: 300000, script: 30000}, unhandledPromptBehavior: dismiss and notify, webauthn:extension:credBlob: true, webauthn:extension:largeBlob: true, webauthn:extension:minPinLength: true, webauthn:extension:prf: true, webauthn:virtualAuthenticators: true}
Session ID: e6170252cc47acf894783b14526ede71
	at java.base/jdk.internal.reflect.NativeConstructorAccessorImpl.newInstance0(Native Method)
	at java.base/jdk.internal.reflect.NativeConstructorAccessorImpl.newInstance(NativeConstructorAccessorImpl.java:62)
	at java.base/jdk.internal.reflect.DelegatingConstructorAccessorImpl.newInstance(DelegatingConstructorAccessorImpl.java:45)
	at java.base/java.lang.reflect.Constructor.newInstance(Constructor.java:490)
	at org.openqa.selenium.remote.ErrorCodec.decode(ErrorCodec.java:167)
	at org.openqa.selenium.remote.codec.w3c.W3CHttpResponseCodec.decode(W3CHttpResponseCodec.java:138)
	at org.openqa.selenium.remote.codec.w3c.W3CHttpResponseCodec.decode(W3CHttpResponseCodec.java:50)
	at org.openqa.selenium.remote.HttpCommandExecutor.execute(HttpCommandExecutor.java:190)
	at org.openqa.selenium.remote.service.DriverCommandExecutor.invokeExecute(DriverCommandExecutor.java:216)
	at org.openqa.selenium.remote.service.DriverCommandExecutor.execute(DriverCommandExecutor.java:174)
	at org.openqa.selenium.remote.RemoteWebDriver.execute(RemoteWebDriver.java:518)
	at org.openqa.selenium.remote.ElementLocation$ElementFinder$2.findElement(ElementLocation.java:165)
	at org.openqa.selenium.remote.ElementLocation.findElement(ElementLocation.java:59)
	at org.openqa.selenium.remote.RemoteWebDriver.findElement(RemoteWebDriver.java:355)
	at org.openqa.selenium.remote.RemoteWebDriver.findElement(RemoteWebDriver.java:349)
	at Stepdefs.Sign_Up_Stepdefs.i_click_on_the_login_to_continue_checking_flights_link(Sign_Up_Stepdefs.java:74)
	at ✽.I click on the login to continue checking flights link(file:///C:/Users/pravin/eclipse-workspace/FlyAway_Cucumber/src/test/java/Features/Sign_Up.feature:21)
</error>
    <system-out>
@Sign_Up @sanity
Scenario: Sign_up Success                                          # src/test/java/Features/Sign_Up.feature:12
  Given I have launched the flyaway application                    # Stepdefs.Login_Stepdefs.i_have_launched_the_flyaway_application()
  When I click on the Login Link                                   # Stepdefs.Login_Stepdefs.i_click_on_the_Login_Link()
  And I click on signup link                                       # Stepdefs.Sign_Up_Stepdefs.i_click_on_signup_link()
  And I enter the Email &quot;alexp@gmail.com&quot;                          # Stepdefs.Sign_Up_Stepdefs.i_enter_the_Email(java.lang.String)
  And I enter the pwd &quot;alex@1234&quot;                                  # Stepdefs.Sign_Up_Stepdefs.i_enter_the_pwd(java.lang.String)
  And I enter the Confirm pwd &quot;alex@1234&quot;                          # Stepdefs.Sign_Up_Stepdefs.i_enter_the_Confirm_pwd(java.lang.String)
  And I enter the Name &quot;alex&quot;                                      # Stepdefs.Sign_Up_Stepdefs.i_enter_the_Name(java.lang.String)
  And I enter the Address &quot;132 My Street, Kingston&quot;                # Stepdefs.Sign_Up_Stepdefs.i_enter_the_Address(java.lang.String)
  And I enter the City &quot;Newyork&quot;                                   # Stepdefs.Sign_Up_Stepdefs.i_enter_the_City(java.lang.String)
  And I click on the SignUp Button                                 # Stepdefs.Sign_Up_Stepdefs.i_click_on_the_SignUp_Button()
  And I click on the login to continue checking flights link       # Stepdefs.Sign_Up_Stepdefs.i_click_on_the_login_to_continue_checking_flights_link()
      org.openqa.selenium.NoSuchElementException: no such element: Unable to locate element: {&quot;method&quot;:&quot;xpath&quot;,&quot;selector&quot;:&quot;//a[contains(text(), &apos;Login to continue checking flights&apos;)]&quot;}
  (Session info: chrome=139.0.7258.157)
For documentation on this error, please visit: https://www.selenium.dev/documentation/webdriver/troubleshooting/errors#no-such-element-exception
Build info: version: &apos;4.21.0&apos;, revision: &apos;79ed462ef4&apos;
System info: os.name: &apos;Windows 10&apos;, os.arch: &apos;amd64&apos;, os.version: &apos;10.0&apos;, java.version: &apos;11.0.26&apos;
Driver info: org.openqa.selenium.chrome.ChromeDriver
Command: [e6170252cc47acf894783b14526ede71, findElement {using=xpath, value=//a[contains(text(), &apos;Login to continue checking flights&apos;)]}]
Capabilities {acceptInsecureCerts: false, browserName: chrome, browserVersion: 139.0.7258.157, chrome: {chromedriverVersion: 139.0.7258.154 (9e0d6b2b47f..., userDataDir: C:\WINDOWS\SystemTemp\scope...}, fedcm:accounts: true, goog:chromeOptions: {debuggerAddress: localhost:64196}, networkConnectionEnabled: false, pageLoadStrategy: normal, platformName: windows, proxy: Proxy(), se:cdp: ws://localhost:64196/devtoo..., se:cdpVersion: 139.0.7258.157, setWindowRect: true, strictFileInteractability: false, timeouts: {implicit: 0, pageLoad: 300000, script: 30000}, unhandledPromptBehavior: dismiss and notify, webauthn:extension:credBlob: true, webauthn:extension:largeBlob: true, webauthn:extension:minPinLength: true, webauthn:extension:prf: true, webauthn:virtualAuthenticators: true}
Session ID: e6170252cc47acf894783b14526ede71
	at java.base/jdk.internal.reflect.NativeConstructorAccessorImpl.newInstance0(Native Method)
	at java.base/jdk.internal.reflect.NativeConstructorAccessorImpl.newInstance(NativeConstructorAccessorImpl.java:62)
	at java.base/jdk.internal.reflect.DelegatingConstructorAccessorImpl.newInstance(DelegatingConstructorAccessorImpl.java:45)
	at java.base/java.lang.reflect.Constructor.newInstance(Constructor.java:490)
	at org.openqa.selenium.remote.ErrorCodec.decode(ErrorCodec.java:167)
	at org.openqa.selenium.remote.codec.w3c.W3CHttpResponseCodec.decode(W3CHttpResponseCodec.java:138)
	at org.openqa.selenium.remote.codec.w3c.W3CHttpResponseCodec.decode(W3CHttpResponseCodec.java:50)
	at org.openqa.selenium.remote.HttpCommandExecutor.execute(HttpCommandExecutor.java:190)
	at org.openqa.selenium.remote.service.DriverCommandExecutor.invokeExecute(DriverCommandExecutor.java:216)
	at org.openqa.selenium.remote.service.DriverCommandExecutor.execute(DriverCommandExecutor.java:174)
	at org.openqa.selenium.remote.RemoteWebDriver.execute(RemoteWebDriver.java:518)
	at org.openqa.selenium.remote.ElementLocation$ElementFinder$2.findElement(ElementLocation.java:165)
	at org.openqa.selenium.remote.ElementLocation.findElement(ElementLocation.java:59)
	at org.openqa.selenium.remote.RemoteWebDriver.findElement(RemoteWebDriver.java:355)
	at org.openqa.selenium.remote.RemoteWebDriver.findElement(RemoteWebDriver.java:349)
	at Stepdefs.Sign_Up_Stepdefs.i_click_on_the_login_to_continue_checking_flights_link(Sign_Up_Stepdefs.java:74)
	at ?.I click on the login to continue checking flights link(file:///C:/Users/pravin/eclipse-workspace/FlyAway_Cucumber/src/test/java/Features/Sign_Up.feature:21)

  And I enter the Username &quot;alexp@gmail.com&quot;                       # Stepdefs.Login_Stepdefs.i_enter_the_Username(java.lang.String)
  And I enter the Password &quot;alex@1234&quot;                             # Stepdefs.Login_Stepdefs.i_enter_the_Password(java.lang.String)
  And I click on the Login Button                                  # Stepdefs.Login_Stepdefs.i_click_on_the_Login_Button()
  Then I should be able to see the home page &quot;FLYAWAY - DASHBOARD&quot; # Stepdefs.Login_Stepdefs.i_should_be_able_to_see_the_home_page(java.lang.String)

    Embedding screenshot [image/png 14216 bytes]

</system-out>
    <system-err>Sep 07, 2025 2:38:53 PM org.openqa.selenium.devtools.CdpVersionFinder findNearestMatch
WARNING: Unable to find CDP implementation matching 139
Sep 07, 2025 2:38:53 PM org.openqa.selenium.chromium.ChromiumDriver lambda$new$5
WARNING: Unable to find version of CDP to use for 139.0.7258.157. You may need to include a dependency on a specific version of the CDP using something similar to `org.seleniumhq.selenium:selenium-devtools-v86:4.21.0` where the version (&quot;v86&quot;) matches the version of the chromium-based browser you&apos;re using and the version number of the artifact is the same as Selenium&apos;s.
</system-err>
  </testcase>
</testsuite>